/Volumes/YangFlashCard/projects/leet_crawler/leet_crawler/bin/python /Volumes/YangFlashCard/projects/leet_crawler/leet_crawler/leet_crawler/leet_crawler/main.py
There is a problem with 127's test case, no right solution right now
newproblemreminder logged in successfully
leetcode22 logged in successfully
txyang93 logged in successfully
450055865 logged in successfully
leetremindercomfirm logged in successfully
leetcode0 logged in successfully
it_is_for_mxd logged in successfully
q3lrkfklrjflwqj3j23l logged in successfully
leetcode12 logged in successfully
leetcode32 logged in successfully
user 450055865's 488 question accepted
user leetcode32's 303 question Line 10: error: cannot find symbol: class NumArray
user leetcode22's 208 question Line 10: error: cannot find symbol: class Trie
user leetremindercomfirm's 382 question Line 10: error: cannot find symbol: class Solution
user q3lrkfklrjflwqj3j23l's 28 question accepted
user newproblemreminder's 173 question Line 8: error: cannot find symbol: class BSTIterator
user txyang93's 304 question Line 10: error: cannot find symbol: class NumMatrix
user it_is_for_mxd's 352 question Line 10: error: cannot find symbol: class SummaryRanges
user leetcode0's 142 question time limit exceeded
user leetcode12's 234 question wrong result
--->> number of question left: 35
user: newproblemreminder's problem: 173's test case fetching submission failed
user: leetcode22's problem: 208's test case fetching submission failed
user: txyang93's problem: 304's test case fetching submission failed
user: leetremindercomfirm's problem: 382's test case fetching submission failed
user: it_is_for_mxd's problem: 352's test case fetching submission failed
problem 234's test cases saved
user: leetcode32's problem: 303's test case fetching submission failed
user txyang93's 155 question Line 10: error: cannot find symbol: class MinStack
user leetcode32's 576 question Line 3: error: variable i is already defined in method findPaths(int,int,int,int,int)
user 450055865's 488 question accepted
user leetcode0's 142 question time limit exceeded
user it_is_for_mxd's 556 question accepted
user leetcode12's 307 question Line 10: error: cannot find symbol: class NumArray
user newproblemreminder's 445 question wrong result
user leetcode22's 33 question accepted
user leetremindercomfirm's 130 question time limit exceeded
--->> number of question left: 28
user q3lrkfklrjflwqj3j23l's 28 question accepted
problem 445's test cases saved
user: txyang93's problem: 155's test case fetching submission failed
user: 450055865's problem: 488's test case fetching submission failed
user: q3lrkfklrjflwqj3j23l's problem: 28's test case fetching submission failed
user: leetcode12's problem: 307's test case fetching submission failed
user: leetcode32's problem: 576's test case fetching submission failed
user txyang93's 146 question Line 10: error: cannot find symbol: class LRUCache
user 450055865's 284 question Line 8: error: cannot find symbol: class PeekingIterator
user leetcode32's 460 question Line 10: error: cannot find symbol: class LFUCache
user q3lrkfklrjflwqj3j23l's 384 question Line 10: error: cannot find symbol: class Solution
user leetcode12's 432 question Line 10: error: cannot find symbol: class AllOne
user leetcode22's 33 question accepted
user it_is_for_mxd's 556 question accepted
user leetcode0's 142 question time limit exceeded
--->> number of question left: 22
user leetremindercomfirm's 130 question accepted
user newproblemreminder's 371 question accepted
user: leetcode22's problem: 33's test case fetching submission failed
user: txyang93's problem: 146's test case fetching submission failed
user: 450055865's problem: 284's test case fetching submission failed
user: it_is_for_mxd's problem: 556's test case fetching submission failed
user: q3lrkfklrjflwqj3j23l's problem: 384's test case fetching submission failed
user: leetcode12's problem: 432's test case fetching submission failed
user: leetcode32's problem: 460's test case fetching submission failed
user 450055865's 232 question Line 10: error: cannot find symbol: class MyQueue
user it_is_for_mxd's 380 question Line 10: error: cannot find symbol: class RandomizedSet
user leetcode22's 398 question Line 10: error: cannot find symbol: class Solution
user leetcode0's 142 question time limit exceeded
user newproblemreminder's 371 question accepted
user leetcode12's 295 question Line 10: error: cannot find symbol: class MedianFinder
--->> number of question left: 15
user q3lrkfklrjflwqj3j23l's 160 question accepted
user leetcode32's 21 question wrong result
user txyang93's 240 question accepted
user leetremindercomfirm's 130 question accepted
user: newproblemreminder's problem: 371's test case fetching submission failed
user: leetcode22's problem: 398's test case fetching submission failed
user: 450055865's problem: 232's test case fetching submission failed
user: leetremindercomfirm's problem: 130's test case fetching submission failed
user: it_is_for_mxd's problem: 380's test case fetching submission failed
user: leetcode12's problem: 295's test case fetching submission failed
problem 21's test cases saved
user txyang93's 240 question accepted
--->> number of question left: 8
user 450055865's 83 question wrong result
user leetcode32's 504 question Line 2: error: class, interface, or enum expected
user newproblemreminder's 27 question 
user leetremindercomfirm's 355 question Line 10: error: cannot find symbol: class Twitter
user leetcode12's submission unknown error, result from server: {'state': 'SUCCESS'}
user it_is_for_mxd's 386 question accepted
user leetcode0's 142 question accepted
user q3lrkfklrjflwqj3j23l's 160 question accepted
user leetcode22's 141 question time limit exceeded
problem 27's test cases saved
user: txyang93's problem: 240's test case fetching submission failed
problem 83's test cases saved
user: leetremindercomfirm's problem: 355's test case fetching submission failed
user: q3lrkfklrjflwqj3j23l's problem: 160's test case fetching submission failed
user: leetcode12's problem: 212's test case fetching submission failed
user: leetcode32's problem: 504's test case fetching submission failed
--->> number of question left: 1
user txyang93's 222 question accepted
user 450055865's 275 question accepted
user leetcode12's 225 question Line 10: error: cannot find symbol: class MyStack
user leetcode0's 142 question accepted
user leetcode22's 141 question time limit exceeded
user q3lrkfklrjflwqj3j23l's 19 question wrong result
user leetremindercomfirm's 341 question Line 8: error: cannot find symbol: class NestedIterator
user leetcode32's 381 question Line 10: error: cannot find symbol: class RandomizedCollection
user newproblemreminder's 211 question Line 10: error: cannot find symbol: class WordDictionary
user it_is_for_mxd's 386 question accepted
user: newproblemreminder's problem: 211's test case fetching submission failed
user: leetremindercomfirm's problem: 341's test case fetching submission failed
user: leetcode0's problem: 142's test case fetching submission failed
user: it_is_for_mxd's problem: 386's test case fetching submission failed
problem 19's test cases saved
user: leetcode12's problem: 225's test case fetching submission failed
user: leetcode32's problem: 381's test case fetching submission failed
--->> number of question left: 0
user 450055865's 275 question accepted
user leetcode22's 141 question time limit exceeded
user txyang93's 222 question accepted
user newproblemreminder's 207 question wrong result
problem 207's test cases saved
user: txyang93's problem: 222's test case fetching submission failed
User txyang93 submit 7 submissions, 4 accepted, 3 failed
User q3lrkfklrjflwqj3j23l submit 6 submissions, 4 accepted, 2 failed
User leetcode0 submit 6 submissions, 2 accepted, 4 failed
User leetcode12 submit 6 submissions, 0 accepted, 5 failed
user: 450055865's problem: 275's test case fetching submission failed
user leetcode22's 141 question time limit exceeded
user leetcode22's 141 question wrong result
user leetcode22's 141 question time limit exceeded
user leetcode22's 141 question time limit exceeded
user leetcode22's 141 question time limit exceeded
user leetcode22's 141 question time limit exceeded
problem: 141 test case has been tried for 8 times, ignored with fetching length 0
User leetcode22 submit 13 submissions, 2 accepted, 11 failed
User leetcode32 submit 6 submissions, 0 accepted, 6 failed
User 450055865 submit 7 submissions, 4 accepted, 3 failed
User it_is_for_mxd submit 6 submissions, 4 accepted, 2 failed
User leetremindercomfirm submit 6 submissions, 2 accepted, 4 failed
User newproblemreminder submit 7 submissions, 2 accepted, 5 failed

Process finished with exit code 0
